Using pre-set license
Built from '2021.3/staging' branch; Version is '2021.3.0f1 (6eacc8284459) revision 7253192'; Using compiler version '192829333'; Build Type 'Release'
OS: 'Windows 10  (10.0.19044) 64bit Professional' Language: 'ru' Physical Memory: 16253 MB
BatchMode: 1, IsHumanControllingUs: 0, StartBugReporterOnCrash: 0, Is64bit: 1, IsPro: 1

COMMAND LINE ARGUMENTS:
D:\Unity Хуюнити\2021.3.0f1\Editor\Unity.exe
-adb2
-batchMode
-noUpm
-name
AssetImportWorker2
-projectPath
C:/Users/User/Desktop/Проект Хуект/Светлогорск
-logFile
Logs/AssetImportWorker2.log
-srvPort
1134
Successfully changed project path to: C:/Users/User/Desktop/Проект Хуект/Светлогорск
C:/Users/User/Desktop/Проект Хуект/Светлогорск
[UnityMemory] Configuration Parameters - Can be set up in boot.config
    "memorysetup-bucket-allocator-granularity=16"
    "memorysetup-bucket-allocator-bucket-count=8"
    "memorysetup-bucket-allocator-block-size=33554432"
    "memorysetup-bucket-allocator-block-count=8"
    "memorysetup-main-allocator-block-size=16777216"
    "memorysetup-thread-allocator-block-size=16777216"
    "memorysetup-gfx-main-allocator-block-size=16777216"
    "memorysetup-gfx-thread-allocator-block-size=16777216"
    "memorysetup-cache-allocator-block-size=4194304"
    "memorysetup-typetree-allocator-block-size=2097152"
    "memorysetup-profiler-bucket-allocator-granularity=16"
    "memorysetup-profiler-bucket-allocator-bucket-count=8"
    "memorysetup-profiler-bucket-allocator-block-size=33554432"
    "memorysetup-profiler-bucket-allocator-block-count=8"
    "memorysetup-profiler-allocator-block-size=16777216"
    "memorysetup-profiler-editor-allocator-block-size=1048576"
    "memorysetup-temp-allocator-size-main=16777216"
    "memorysetup-job-temp-allocator-block-size=2097152"
    "memorysetup-job-temp-allocator-block-size-background=1048576"
    "memorysetup-job-temp-allocator-reduction-small-platforms=262144"
    "memorysetup-temp-allocator-size-background-worker=32768"
    "memorysetup-temp-allocator-size-job-worker=262144"
    "memorysetup-temp-allocator-size-preload-manager=33554432"
    "memorysetup-temp-allocator-size-nav-mesh-worker=65536"
    "memorysetup-temp-allocator-size-audio-worker=65536"
    "memorysetup-temp-allocator-size-cloud-worker=32768"
    "memorysetup-temp-allocator-size-gi-baking-worker=262144"
    "memorysetup-temp-allocator-size-gfx=262144"
Refreshing native plugins compatible for Editor in 82.90 ms, found 3 plugins.
Preloading 0 native plugins for Editor in 0.00 ms.
Initialize engine version: 2021.3.0f1 (6eacc8284459)
[Subsystems] Discovering subsystems at path D:/Unity Хуюнити/2021.3.0f1/Editor/Data/Resources/UnitySubsystems
[Subsystems] Discovering subsystems at path C:/Users/User/Desktop/Проект Хуект/Светлогорск/Assets
GfxDevice: creating device client; threaded=0; jobified=0
Direct3D:
    Version:  Direct3D 11.0 [level 11.1]
    Renderer: NVIDIA GeForce GTX 1660 Ti (ID=0x2191)
    Vendor:   NVIDIA
    VRAM:     5991 MB
    Driver:   27.21.14.5749
Initialize mono
Mono path[0] = 'D:/Unity Хуюнити/2021.3.0f1/Editor/Data/Managed'
Mono path[1] = 'D:/Unity Хуюнити/2021.3.0f1/Editor/Data/MonoBleedingEdge/lib/mono/unityjit-win32'
Mono config path = 'D:/Unity Хуюнити/2021.3.0f1/Editor/Data/MonoBleedingEdge/etc'
Using monoOptions --debugger-agent=transport=dt_socket,embedding=1,server=y,suspend=n,address=127.0.0.1:56008
Begin MonoManager ReloadAssembly
Registering precompiled unity dll's ...
Register platform support module: D:/Unity Хуюнити/2021.3.0f1/Editor/Data/PlaybackEngines/AndroidPlayer/UnityEditor.Android.Extensions.dll
Register platform support module: D:/Unity Хуюнити/2021.3.0f1/Editor/Data/PlaybackEngines/WindowsStandaloneSupport/UnityEditor.WindowsStandalone.Extensions.dll
Registered in 0.003014 seconds.
Native extension for WindowsStandalone target not found
Native extension for Android target not found
Refreshing native plugins compatible for Editor in 82.24 ms, found 3 plugins.
Preloading 0 native plugins for Editor in 0.00 ms.
Mono: successfully reloaded assembly
- Completed reload, in  0.648 seconds
Domain Reload Profiling:
	ReloadAssembly (649ms)
		BeginReloadAssembly (76ms)
			ExecutionOrderSort (0ms)
			DisableScriptedObjects (0ms)
			BackupInstance (0ms)
			ReleaseScriptingObjects (0ms)
			CreateAndSetChildDomain (1ms)
		EndReloadAssembly (470ms)
			LoadAssemblies (76ms)
			RebuildTransferFunctionScriptingTraits (0ms)
			SetupTypeCache (109ms)
			ReleaseScriptCaches (0ms)
			RebuildScriptCaches (27ms)
			SetupLoadedEditorAssemblies (284ms)
				LogAssemblyErrors (0ms)
				InitializePlatformSupportModulesInManaged (57ms)
				SetLoadedEditorAssemblies (0ms)
				RefreshPlugins (82ms)
				BeforeProcessingInitializeOnLoad (1ms)
				ProcessInitializeOnLoadAttributes (95ms)
				ProcessInitializeOnLoadMethodAttributes (47ms)
				AfterProcessingInitializeOnLoad (0ms)
				EditorAssembliesLoaded (0ms)
			ExecutionOrderSort2 (0ms)
			AwakeInstancesAfterBackupRestoration (0ms)
Platform modules already initialized, skipping
Registering precompiled user dll's ...
Registered in 0.005625 seconds.
Android Extension - Scanning For ADB Devices 729 ms
Begin MonoManager ReloadAssembly
Symbol file LoadedFromMemory doesn't match image C:\Users\User\Desktop\Проект Хуект\Светлогорск\Library\PackageCache\com.unity.visualscripting@1.7.6\Editor\VisualScripting.Core\Dependencies\YamlDotNet\Unity.VisualScripting.YamlDotNet.dll
Symbol file LoadedFromMemory is not a mono symbol file
Symbol file LoadedFromMemory doesn't match image C:\Users\User\Desktop\Проект Хуект\Светлогорск\Library\PackageCache\com.unity.visualscripting@1.7.6\Editor\VisualScripting.Core\Dependencies\DotNetZip\Unity.VisualScripting.IonicZip.dll
Native extension for WindowsStandalone target not found
Native extension for Android target not found
Refreshing native plugins compatible for Editor in 0.61 ms, found 3 plugins.
Preloading 0 native plugins for Editor in 0.00 ms.
Mono: successfully reloaded assembly
- Completed reload, in  0.981 seconds
Domain Reload Profiling:
	ReloadAssembly (982ms)
		BeginReloadAssembly (113ms)
			ExecutionOrderSort (0ms)
			DisableScriptedObjects (5ms)
			BackupInstance (0ms)
			ReleaseScriptingObjects (0ms)
			CreateAndSetChildDomain (19ms)
		EndReloadAssembly (757ms)
			LoadAssemblies (94ms)
			RebuildTransferFunctionScriptingTraits (0ms)
			SetupTypeCache (256ms)
			ReleaseScriptCaches (1ms)
			RebuildScriptCaches (52ms)
			SetupLoadedEditorAssemblies (328ms)
				LogAssemblyErrors (0ms)
				InitializePlatformSupportModulesInManaged (12ms)
				SetLoadedEditorAssemblies (0ms)
				RefreshPlugins (1ms)
				BeforeProcessingInitializeOnLoad (84ms)
				ProcessInitializeOnLoadAttributes (206ms)
				ProcessInitializeOnLoadMethodAttributes (22ms)
				AfterProcessingInitializeOnLoad (3ms)
				EditorAssembliesLoaded (0ms)
			ExecutionOrderSort2 (0ms)
			AwakeInstancesAfterBackupRestoration (7ms)
Platform modules already initialized, skipping
========================================================================
Worker process is ready to serve import requests
Launched and connected shader compiler UnityShaderCompiler.exe after 0.06 seconds
Refreshing native plugins compatible for Editor in 0.54 ms, found 3 plugins.
Preloading 0 native plugins for Editor in 0.00 ms.
Unloading 3246 Unused Serialized files (Serialized files now loaded: 0)
Unloading 23 unused Assets / (112.5 KB). Loaded Objects now: 3720.
Memory consumption went from 120.3 MB to 120.2 MB.
Total: 3.540100 ms (FindLiveObjects: 0.457300 ms CreateObjectMapping: 0.244300 ms MarkObjects: 2.675100 ms  DeleteObjects: 0.160600 ms)

AssetImportParameters requested are different than current active one (requested -> active):
  custom:video-decoder-ogg-theora: a1e56fd34408186e4bbccfd4996cb3dc -> 
  custom:container-muxer-webm: aa71ff27fc2769a1b78a27578f13a17b -> 
  custom:container-demuxer-webm: 4f35f7cbe854078d1ac9338744f61a02 -> 
  custom:video-encoder-webm-vp8: eb34c28f22e8b96e1ab97ce403110664 -> 
  custom:audio-encoder-webm-vorbis: bf7c407c2cedff20999df2af8eb42d56 -> 
  custom:framework-win-MediaFoundation: 216162199b28c13a410421893ffa2e32 -> 
  custom:container-demuxer-ogg: 62fdf1f143b41e24485cea50d1cbac27 -> 
  custom:video-decoder-webm-vp8: 9c59270c3fd7afecdb556c50c9e8de78 -> 
  custom:audio-decoder-ogg-vorbis: bf7c407c2cedff20999df2af8eb42d56 -> 
========================================================================
Received Import Request.
  Time since last request: 746.208913 seconds.
  path: Assets/TextMesh Pro/Sprites/A - B.png
  artifactKey: Guid(56428d0071c5f42439fc6043d1967fec) Importer(815301076,1909f56bfc062723c751e8b465ee728b)
Start importing Assets/TextMesh Pro/Sprites/A - B.png using Guid(56428d0071c5f42439fc6043d1967fec) Importer(815301076,1909f56bfc062723c751e8b465ee728b)  -> (artifact id: '31e50c87d934d4a249536694edb6b149') in 0.193068 seconds 
========================================================================
Received Prepare
Registering precompiled user dll's ...
Registered in 0.004384 seconds.
Begin MonoManager ReloadAssembly
Symbol file LoadedFromMemory doesn't match image C:\Users\User\Desktop\Проект Хуект\Светлогорск\Library\PackageCache\com.unity.visualscripting@1.7.6\Editor\VisualScripting.Core\Dependencies\YamlDotNet\Unity.VisualScripting.YamlDotNet.dll
Symbol file LoadedFromMemory is not a mono symbol file
Symbol file LoadedFromMemory doesn't match image C:\Users\User\Desktop\Проект Хуект\Светлогорск\Library\PackageCache\com.unity.visualscripting@1.7.6\Editor\VisualScripting.Core\Dependencies\DotNetZip\Unity.VisualScripting.IonicZip.dll
Native extension for WindowsStandalone target not found
Native extension for Android target not found
Refreshing native plugins compatible for Editor in 0.77 ms, found 3 plugins.
Preloading 0 native plugins for Editor in 0.00 ms.
Mono: successfully reloaded assembly
- Completed reload, in  0.926 seconds
Domain Reload Profiling:
	ReloadAssembly (927ms)
		BeginReloadAssembly (131ms)
			ExecutionOrderSort (0ms)
			DisableScriptedObjects (5ms)
			BackupInstance (0ms)
			ReleaseScriptingObjects (0ms)
			CreateAndSetChildDomain (39ms)
		EndReloadAssembly (705ms)
			LoadAssemblies (86ms)
			RebuildTransferFunctionScriptingTraits (0ms)
			SetupTypeCache (253ms)
			ReleaseScriptCaches (1ms)
			RebuildScriptCaches (38ms)
			SetupLoadedEditorAssemblies (295ms)
				LogAssemblyErrors (0ms)
				InitializePlatformSupportModulesInManaged (18ms)
				SetLoadedEditorAssemblies (0ms)
				RefreshPlugins (1ms)
				BeforeProcessingInitializeOnLoad (65ms)
				ProcessInitializeOnLoadAttributes (187ms)
				ProcessInitializeOnLoadMethodAttributes (21ms)
				AfterProcessingInitializeOnLoad (2ms)
				EditorAssembliesLoaded (0ms)
			ExecutionOrderSort2 (0ms)
			AwakeInstancesAfterBackupRestoration (7ms)
Platform modules already initialized, skipping
Refreshing native plugins compatible for Editor in 2.83 ms, found 3 plugins.
Preloading 0 native plugins for Editor in 0.00 ms.
Unloading 3228 Unused Serialized files (Serialized files now loaded: 0)
Unloading 16 unused Assets / (79.6 KB). Loaded Objects now: 3729.
Memory consumption went from 123.3 MB to 123.2 MB.
Total: 2.955900 ms (FindLiveObjects: 0.306800 ms CreateObjectMapping: 0.100300 ms MarkObjects: 2.453900 ms  DeleteObjects: 0.092500 ms)

AssetImportParameters requested are different than current active one (requested -> active):
  custom:video-decoder-ogg-theora: a1e56fd34408186e4bbccfd4996cb3dc -> 
  custom:container-muxer-webm: aa71ff27fc2769a1b78a27578f13a17b -> 
  custom:container-demuxer-webm: 4f35f7cbe854078d1ac9338744f61a02 -> 
  custom:video-encoder-webm-vp8: eb34c28f22e8b96e1ab97ce403110664 -> 
  custom:audio-encoder-webm-vorbis: bf7c407c2cedff20999df2af8eb42d56 -> 
  custom:framework-win-MediaFoundation: 216162199b28c13a410421893ffa2e32 -> 
  custom:container-demuxer-ogg: 62fdf1f143b41e24485cea50d1cbac27 -> 
  custom:video-decoder-webm-vp8: 9c59270c3fd7afecdb556c50c9e8de78 -> 
  custom:audio-decoder-ogg-vorbis: bf7c407c2cedff20999df2af8eb42d56 -> 
========================================================================
Received Prepare
Registering precompiled user dll's ...
Registered in 0.005109 seconds.
Begin MonoManager ReloadAssembly
Symbol file LoadedFromMemory doesn't match image C:\Users\User\Desktop\Проект Хуект\Светлогорск\Library\PackageCache\com.unity.visualscripting@1.7.6\Editor\VisualScripting.Core\Dependencies\YamlDotNet\Unity.VisualScripting.YamlDotNet.dll
Symbol file LoadedFromMemory is not a mono symbol file
Symbol file LoadedFromMemory doesn't match image C:\Users\User\Desktop\Проект Хуект\Светлогорск\Library\PackageCache\com.unity.visualscripting@1.7.6\Editor\VisualScripting.Core\Dependencies\DotNetZip\Unity.VisualScripting.IonicZip.dll
Native extension for WindowsStandalone target not found
Native extension for Android target not found
Refreshing native plugins compatible for Editor in 0.57 ms, found 3 plugins.
Preloading 0 native plugins for Editor in 0.00 ms.
Mono: successfully reloaded assembly
- Completed reload, in  0.967 seconds
Domain Reload Profiling:
	ReloadAssembly (968ms)
		BeginReloadAssembly (153ms)
			ExecutionOrderSort (0ms)
			DisableScriptedObjects (5ms)
			BackupInstance (0ms)
			ReleaseScriptingObjects (0ms)
			CreateAndSetChildDomain (37ms)
		EndReloadAssembly (727ms)
			LoadAssemblies (113ms)
			RebuildTransferFunctionScriptingTraits (0ms)
			SetupTypeCache (247ms)
			ReleaseScriptCaches (2ms)
			RebuildScriptCaches (40ms)
			SetupLoadedEditorAssemblies (294ms)
				LogAssemblyErrors (0ms)
				InitializePlatformSupportModulesInManaged (21ms)
				SetLoadedEditorAssemblies (0ms)
				RefreshPlugins (1ms)
				BeforeProcessingInitializeOnLoad (64ms)
				ProcessInitializeOnLoadAttributes (182ms)
				ProcessInitializeOnLoadMethodAttributes (24ms)
				AfterProcessingInitializeOnLoad (2ms)
				EditorAssembliesLoaded (0ms)
			ExecutionOrderSort2 (0ms)
			AwakeInstancesAfterBackupRestoration (8ms)
Platform modules already initialized, skipping
Refreshing native plugins compatible for Editor in 2.20 ms, found 3 plugins.
Preloading 0 native plugins for Editor in 0.00 ms.
Unloading 3228 Unused Serialized files (Serialized files now loaded: 0)
Unloading 16 unused Assets / (79.6 KB). Loaded Objects now: 3732.
Memory consumption went from 123.3 MB to 123.2 MB.
Total: 2.894000 ms (FindLiveObjects: 0.264600 ms CreateObjectMapping: 0.075700 ms MarkObjects: 2.422200 ms  DeleteObjects: 0.129700 ms)

AssetImportParameters requested are different than current active one (requested -> active):
  custom:video-decoder-ogg-theora: a1e56fd34408186e4bbccfd4996cb3dc -> 
  custom:container-muxer-webm: aa71ff27fc2769a1b78a27578f13a17b -> 
  custom:container-demuxer-webm: 4f35f7cbe854078d1ac9338744f61a02 -> 
  custom:video-encoder-webm-vp8: eb34c28f22e8b96e1ab97ce403110664 -> 
  custom:audio-encoder-webm-vorbis: bf7c407c2cedff20999df2af8eb42d56 -> 
  custom:framework-win-MediaFoundation: 216162199b28c13a410421893ffa2e32 -> 
  custom:container-demuxer-ogg: 62fdf1f143b41e24485cea50d1cbac27 -> 
  custom:video-decoder-webm-vp8: 9c59270c3fd7afecdb556c50c9e8de78 -> 
  custom:audio-decoder-ogg-vorbis: bf7c407c2cedff20999df2af8eb42d56 -> 
========================================================================
Received Import Request.
  Time since last request: 232.469552 seconds.
  path: Assets/TextMesh Pro/Sprites/ПОИСК-1.png
  artifactKey: Guid(11832abcca2f79f458617d924d681b5a) Importer(815301076,1909f56bfc062723c751e8b465ee728b)
Start importing Assets/TextMesh Pro/Sprites/ПОИСК-1.png using Guid(11832abcca2f79f458617d924d681b5a) Importer(815301076,1909f56bfc062723c751e8b465ee728b)  -> (artifact id: '9fb0b09bca7f1435f2a377bdc19b2b11') in 0.071625 seconds 
========================================================================
Received Import Request.
  Time since last request: 151.484208 seconds.
  path: Assets/TextMesh Pro/Sprites/Group 25.png
  artifactKey: Guid(0ae93c25875a4814280ca0bccb879832) Importer(815301076,1909f56bfc062723c751e8b465ee728b)
Start importing Assets/TextMesh Pro/Sprites/Group 25.png using Guid(0ae93c25875a4814280ca0bccb879832) Importer(815301076,1909f56bfc062723c751e8b465ee728b)  -> (artifact id: '0b9da7c1b69abcd1fc3ab778a72e328e') in 0.018076 seconds 
========================================================================
Received Import Request.
  Time since last request: 130.367352 seconds.
  path: Assets/TextMesh Pro/Sprites/EmojiOne Attribution.txt
  artifactKey: Guid(381dcb09d5029d14897e55f98031fca5) Importer(815301076,1909f56bfc062723c751e8b465ee728b)
Start importing Assets/TextMesh Pro/Sprites/EmojiOne Attribution.txt using Guid(381dcb09d5029d14897e55f98031fca5) Importer(815301076,1909f56bfc062723c751e8b465ee728b)  -> (artifact id: '0f71b2d21205dc6ff6abedf9e764a644') in 0.010192 seconds 
========================================================================
Received Import Request.
  Time since last request: 5.128201 seconds.
  path: Assets/TextMesh Pro/Sprites/EmojiOne.json
  artifactKey: Guid(8f05276190cf498a8153f6cbe761d4e6) Importer(815301076,1909f56bfc062723c751e8b465ee728b)
Start importing Assets/TextMesh Pro/Sprites/EmojiOne.json using Guid(8f05276190cf498a8153f6cbe761d4e6) Importer(815301076,1909f56bfc062723c751e8b465ee728b)  -> (artifact id: '036dbd30c7d82b31d4c2f8acde9227e5') in 0.012518 seconds 
========================================================================
Received Import Request.
  Time since last request: 57.668691 seconds.
  path: Assets/TextMesh Pro/Sprites/Group 1.png
  artifactKey: Guid(f9175ba46d313d34eaaa1cb29d475ba0) Importer(815301076,1909f56bfc062723c751e8b465ee728b)
Start importing Assets/TextMesh Pro/Sprites/Group 1.png using Guid(f9175ba46d313d34eaaa1cb29d475ba0) Importer(815301076,1909f56bfc062723c751e8b465ee728b)  -> (artifact id: 'c9b39c26f1524fb65dde176cc3099d72') in 0.016259 seconds 
========================================================================
Received Import Request.
  Time since last request: 11.828653 seconds.
  path: Assets/TextMesh Pro/Sprites/Group 1.png
  artifactKey: Guid(f9175ba46d313d34eaaa1cb29d475ba0) Importer(815301076,1909f56bfc062723c751e8b465ee728b)
Start importing Assets/TextMesh Pro/Sprites/Group 1.png using Guid(f9175ba46d313d34eaaa1cb29d475ba0) Importer(815301076,1909f56bfc062723c751e8b465ee728b)  -> (artifact id: '69373e0295c17f7e9142bddc11250b0b') in 0.023707 seconds 
========================================================================
Received Import Request.
  Time since last request: 5.485798 seconds.
  path: Assets/TextMesh Pro/Sprites/Group 2.png
  artifactKey: Guid(c03dc36e9a237f44d8260c008c8a56cf) Importer(815301076,1909f56bfc062723c751e8b465ee728b)
Start importing Assets/TextMesh Pro/Sprites/Group 2.png using Guid(c03dc36e9a237f44d8260c008c8a56cf) Importer(815301076,1909f56bfc062723c751e8b465ee728b)  -> (artifact id: '0a25c65431656d00cddb37577f8210d4') in 0.018235 seconds 
========================================================================
Received Import Request.
  Time since last request: 108.675038 seconds.
  path: Assets/TextMesh Pro/Sprites/Group 14.png
  artifactKey: Guid(dd5fe095b2943f945ad429ca45f69da6) Importer(815301076,1909f56bfc062723c751e8b465ee728b)
Start importing Assets/TextMesh Pro/Sprites/Group 14.png using Guid(dd5fe095b2943f945ad429ca45f69da6) Importer(815301076,1909f56bfc062723c751e8b465ee728b)  -> (artifact id: '09fa03e1a97b3685b49c7f79ac796e01') in 0.013805 seconds 
========================================================================
Received Import Request.
  Time since last request: 0.337740 seconds.
  path: Assets/TextMesh Pro/Sprites/Group 16.png
  artifactKey: Guid(134f5898f19eb1844b936ea4b11b10f0) Importer(815301076,1909f56bfc062723c751e8b465ee728b)
Start importing Assets/TextMesh Pro/Sprites/Group 16.png using Guid(134f5898f19eb1844b936ea4b11b10f0) Importer(815301076,1909f56bfc062723c751e8b465ee728b)  -> (artifact id: 'c691c2cd5085756c69db84036573e8c0') in 0.012911 seconds 
========================================================================
Received Import Request.
  Time since last request: 0.000021 seconds.
  path: Assets/TextMesh Pro/Sprites/Group 21.png
  artifactKey: Guid(78869c9586bdc3743a009ed40d817272) Importer(815301076,1909f56bfc062723c751e8b465ee728b)
Start importing Assets/TextMesh Pro/Sprites/Group 21.png using Guid(78869c9586bdc3743a009ed40d817272) Importer(815301076,1909f56bfc062723c751e8b465ee728b)  -> (artifact id: 'bec0adff088c545d35d2eec2074ebf90') in 0.013918 seconds 
========================================================================
Received Import Request.
  Time since last request: 14.046762 seconds.
  path: Assets/TextMesh Pro/Sprites/Group 14.png
  artifactKey: Guid(dd5fe095b2943f945ad429ca45f69da6) Importer(815301076,1909f56bfc062723c751e8b465ee728b)
Start importing Assets/TextMesh Pro/Sprites/Group 14.png using Guid(dd5fe095b2943f945ad429ca45f69da6) Importer(815301076,1909f56bfc062723c751e8b465ee728b)  -> (artifact id: 'af68e69509a26d5730d41bed696a2114') in 0.019046 seconds 
========================================================================
Received Import Request.
  Time since last request: 4.418451 seconds.
  path: Assets/TextMesh Pro/Sprites/Group 15.png
  artifactKey: Guid(796e3860a5a62a946bca57f422d54fe4) Importer(815301076,1909f56bfc062723c751e8b465ee728b)
Start importing Assets/TextMesh Pro/Sprites/Group 15.png using Guid(796e3860a5a62a946bca57f422d54fe4) Importer(815301076,1909f56bfc062723c751e8b465ee728b)  -> (artifact id: '7bc4373fbfa9df66b350866ecd555092') in 0.016132 seconds 
========================================================================
Received Import Request.
  Time since last request: 4.610163 seconds.
  path: Assets/TextMesh Pro/Sprites/Group 16.png
  artifactKey: Guid(134f5898f19eb1844b936ea4b11b10f0) Importer(815301076,1909f56bfc062723c751e8b465ee728b)
Start importing Assets/TextMesh Pro/Sprites/Group 16.png using Guid(134f5898f19eb1844b936ea4b11b10f0) Importer(815301076,1909f56bfc062723c751e8b465ee728b)  -> (artifact id: '97b9cb4bf562c480fb7da80cfd4c4d91') in 0.015395 seconds 
========================================================================
Received Import Request.
  Time since last request: 7.547975 seconds.
  path: Assets/TextMesh Pro/Sprites/Group 17.png
  artifactKey: Guid(9e83da2da8fdb764da1824e78bf711b2) Importer(815301076,1909f56bfc062723c751e8b465ee728b)
Start importing Assets/TextMesh Pro/Sprites/Group 17.png using Guid(9e83da2da8fdb764da1824e78bf711b2) Importer(815301076,1909f56bfc062723c751e8b465ee728b)  -> (artifact id: 'd1ac2af8781e19a612292b4dc4e4a3aa') in 0.016508 seconds 
========================================================================
Received Import Request.
  Time since last request: 4.824724 seconds.
  path: Assets/TextMesh Pro/Sprites/Group 21.png
  artifactKey: Guid(78869c9586bdc3743a009ed40d817272) Importer(815301076,1909f56bfc062723c751e8b465ee728b)
Start importing Assets/TextMesh Pro/Sprites/Group 21.png using Guid(78869c9586bdc3743a009ed40d817272) Importer(815301076,1909f56bfc062723c751e8b465ee728b)  -> (artifact id: 'f3827c3cbbeaebf79c0c6e5dcc4212c6') in 0.014789 seconds 
========================================================================
Received Prepare
Registering precompiled user dll's ...
Registered in 0.005428 seconds.
Begin MonoManager ReloadAssembly
Symbol file LoadedFromMemory doesn't match image C:\Users\User\Desktop\Проект Хуект\Светлогорск\Library\PackageCache\com.unity.visualscripting@1.7.6\Editor\VisualScripting.Core\Dependencies\YamlDotNet\Unity.VisualScripting.YamlDotNet.dll
Symbol file LoadedFromMemory is not a mono symbol file
Symbol file LoadedFromMemory doesn't match image C:\Users\User\Desktop\Проект Хуект\Светлогорск\Library\PackageCache\com.unity.visualscripting@1.7.6\Editor\VisualScripting.Core\Dependencies\DotNetZip\Unity.VisualScripting.IonicZip.dll
Native extension for WindowsStandalone target not found
Native extension for Android target not found
Refreshing native plugins compatible for Editor in 0.58 ms, found 3 plugins.
Preloading 0 native plugins for Editor in 0.00 ms.
Mono: successfully reloaded assembly
- Completed reload, in  0.990 seconds
Domain Reload Profiling:
	ReloadAssembly (990ms)
		BeginReloadAssembly (146ms)
			ExecutionOrderSort (0ms)
			DisableScriptedObjects (5ms)
			BackupInstance (0ms)
			ReleaseScriptingObjects (0ms)
			CreateAndSetChildDomain (36ms)
		EndReloadAssembly (753ms)
			LoadAssemblies (112ms)
			RebuildTransferFunctionScriptingTraits (0ms)
			SetupTypeCache (249ms)
			ReleaseScriptCaches (1ms)
			RebuildScriptCaches (39ms)
			SetupLoadedEditorAssemblies (332ms)
				LogAssemblyErrors (0ms)
				InitializePlatformSupportModulesInManaged (20ms)
				SetLoadedEditorAssemblies (0ms)
				RefreshPlugins (1ms)
				BeforeProcessingInitializeOnLoad (78ms)
				ProcessInitializeOnLoadAttributes (204ms)
				ProcessInitializeOnLoadMethodAttributes (24ms)
				AfterProcessingInitializeOnLoad (3ms)
				EditorAssembliesLoaded (0ms)
			ExecutionOrderSort2 (0ms)
			AwakeInstancesAfterBackupRestoration (7ms)
Platform modules already initialized, skipping
Refreshing native plugins compatible for Editor in 2.33 ms, found 3 plugins.
Preloading 0 native plugins for Editor in 0.00 ms.
Unloading 3228 Unused Serialized files (Serialized files now loaded: 0)
Unloading 16 unused Assets / (79.5 KB). Loaded Objects now: 3745.
Memory consumption went from 123.3 MB to 123.2 MB.
Total: 2.883000 ms (FindLiveObjects: 0.393200 ms CreateObjectMapping: 0.087400 ms MarkObjects: 2.307500 ms  DeleteObjects: 0.092100 ms)

AssetImportParameters requested are different than current active one (requested -> active):
  custom:video-decoder-ogg-theora: a1e56fd34408186e4bbccfd4996cb3dc -> 
  custom:container-muxer-webm: aa71ff27fc2769a1b78a27578f13a17b -> 
  custom:container-demuxer-webm: 4f35f7cbe854078d1ac9338744f61a02 -> 
  custom:video-encoder-webm-vp8: eb34c28f22e8b96e1ab97ce403110664 -> 
  custom:audio-encoder-webm-vorbis: bf7c407c2cedff20999df2af8eb42d56 -> 
  custom:framework-win-MediaFoundation: 216162199b28c13a410421893ffa2e32 -> 
  custom:container-demuxer-ogg: 62fdf1f143b41e24485cea50d1cbac27 -> 
  custom:video-decoder-webm-vp8: 9c59270c3fd7afecdb556c50c9e8de78 -> 
  custom:audio-decoder-ogg-vorbis: bf7c407c2cedff20999df2af8eb42d56 -> 
========================================================================
Received Import Request.
  Time since last request: 233.496864 seconds.
  path: Assets/TextMesh Pro/Sprites/Rectangle 2.png
  artifactKey: Guid(4f3b9fb67d2650b48b013414ecf21c10) Importer(815301076,1909f56bfc062723c751e8b465ee728b)
Start importing Assets/TextMesh Pro/Sprites/Rectangle 2.png using Guid(4f3b9fb67d2650b48b013414ecf21c10) Importer(815301076,1909f56bfc062723c751e8b465ee728b)  -> (artifact id: '340349e793ee6659750a81f075a76f32') in 0.088302 seconds 
========================================================================
Received Import Request.
  Time since last request: 151.974665 seconds.
  path: Assets/TextMesh Pro/Sprites/free-icon-bank-check-3427242.png
  artifactKey: Guid(70d5116ad7cdf8845ba594455579541d) Importer(815301076,1909f56bfc062723c751e8b465ee728b)
Start importing Assets/TextMesh Pro/Sprites/free-icon-bank-check-3427242.png using Guid(70d5116ad7cdf8845ba594455579541d) Importer(815301076,1909f56bfc062723c751e8b465ee728b)  -> (artifact id: '9a823c5c602845bb721ec7be9f59ee96') in 0.016218 seconds 
========================================================================
Received Import Request.
  Time since last request: 0.000021 seconds.
  path: Assets/TextMesh Pro/Sprites/premium-icon-three-o-clock-clock-13435 4.png
  artifactKey: Guid(d8c7c1fe4fafbbc4d84bf8308969a101) Importer(815301076,1909f56bfc062723c751e8b465ee728b)
Start importing Assets/TextMesh Pro/Sprites/premium-icon-three-o-clock-clock-13435 4.png using Guid(d8c7c1fe4fafbbc4d84bf8308969a101) Importer(815301076,1909f56bfc062723c751e8b465ee728b)  -> (artifact id: 'a4e31817fcd80f4c0d22396232f0e462') in 0.010611 seconds 
========================================================================
Received Import Request.
  Time since last request: 0.000019 seconds.
  path: Assets/TextMesh Pro/Sprites/free-icon-star-1828884 2.png
  artifactKey: Guid(e9df8f10062215343819d9baad43d19d) Importer(815301076,1909f56bfc062723c751e8b465ee728b)
Start importing Assets/TextMesh Pro/Sprites/free-icon-star-1828884 2.png using Guid(e9df8f10062215343819d9baad43d19d) Importer(815301076,1909f56bfc062723c751e8b465ee728b)  -> (artifact id: 'e63367516659feaa2a2549f3b46a6210') in 0.016349 seconds 
========================================================================
Received Import Request.
  Time since last request: 15.647669 seconds.
  path: Assets/TextMesh Pro/Sprites/free-icon-bank-check-3427242.png
  artifactKey: Guid(70d5116ad7cdf8845ba594455579541d) Importer(815301076,1909f56bfc062723c751e8b465ee728b)
Start importing Assets/TextMesh Pro/Sprites/free-icon-bank-check-3427242.png using Guid(70d5116ad7cdf8845ba594455579541d) Importer(815301076,1909f56bfc062723c751e8b465ee728b)  -> (artifact id: 'bbc595d01115693c56f18aae466817bb') in 0.015132 seconds 
========================================================================
Received Import Request.
  Time since last request: 6.601696 seconds.
  path: Assets/TextMesh Pro/Sprites/free-icon-phone-call-126509.png
  artifactKey: Guid(262a3857b4002bd4fa5eaeff8a7947ac) Importer(815301076,1909f56bfc062723c751e8b465ee728b)
Start importing Assets/TextMesh Pro/Sprites/free-icon-phone-call-126509.png using Guid(262a3857b4002bd4fa5eaeff8a7947ac) Importer(815301076,1909f56bfc062723c751e8b465ee728b)  -> (artifact id: '07fab8ff43cfcfc36bebf3931e40da5e') in 0.014053 seconds 
========================================================================
Received Import Request.
  Time since last request: 6.867743 seconds.
  path: Assets/TextMesh Pro/Sprites/free-icon-star-1828884 2.png
  artifactKey: Guid(e9df8f10062215343819d9baad43d19d) Importer(815301076,1909f56bfc062723c751e8b465ee728b)
Start importing Assets/TextMesh Pro/Sprites/free-icon-star-1828884 2.png using Guid(e9df8f10062215343819d9baad43d19d) Importer(815301076,1909f56bfc062723c751e8b465ee728b)  -> (artifact id: 'fc1353f5866ad092f1be883ebfc62819') in 0.017853 seconds 
========================================================================
Received Import Request.
  Time since last request: 4.731883 seconds.
  path: Assets/TextMesh Pro/Sprites/premium-icon-three-o-clock-clock-13435 4.png
  artifactKey: Guid(d8c7c1fe4fafbbc4d84bf8308969a101) Importer(815301076,1909f56bfc062723c751e8b465ee728b)
Start importing Assets/TextMesh Pro/Sprites/premium-icon-three-o-clock-clock-13435 4.png using Guid(d8c7c1fe4fafbbc4d84bf8308969a101) Importer(815301076,1909f56bfc062723c751e8b465ee728b)  -> (artifact id: '2d8d951630699866c97fd5def78f55ca') in 0.016508 seconds 
========================================================================
Received Prepare
Registering precompiled user dll's ...
Registered in 0.005722 seconds.
Begin MonoManager ReloadAssembly
Symbol file LoadedFromMemory doesn't match image C:\Users\User\Desktop\Проект Хуект\Светлогорск\Library\PackageCache\com.unity.visualscripting@1.7.6\Editor\VisualScripting.Core\Dependencies\YamlDotNet\Unity.VisualScripting.YamlDotNet.dll
Symbol file LoadedFromMemory is not a mono symbol file
Symbol file LoadedFromMemory doesn't match image C:\Users\User\Desktop\Проект Хуект\Светлогорск\Library\PackageCache\com.unity.visualscripting@1.7.6\Editor\VisualScripting.Core\Dependencies\DotNetZip\Unity.VisualScripting.IonicZip.dll
Native extension for WindowsStandalone target not found
Native extension for Android target not found
Refreshing native plugins compatible for Editor in 0.65 ms, found 3 plugins.
Preloading 0 native plugins for Editor in 0.00 ms.
Mono: successfully reloaded assembly
- Completed reload, in  0.964 seconds
Domain Reload Profiling:
	ReloadAssembly (965ms)
		BeginReloadAssembly (148ms)
			ExecutionOrderSort (0ms)
			DisableScriptedObjects (4ms)
			BackupInstance (0ms)
			ReleaseScriptingObjects (0ms)
			CreateAndSetChildDomain (36ms)
		EndReloadAssembly (725ms)
			LoadAssemblies (102ms)
			RebuildTransferFunctionScriptingTraits (0ms)
			SetupTypeCache (255ms)
			ReleaseScriptCaches (1ms)
			RebuildScriptCaches (43ms)
			SetupLoadedEditorAssemblies (300ms)
				LogAssemblyErrors (0ms)
				InitializePlatformSupportModulesInManaged (20ms)
				SetLoadedEditorAssemblies (0ms)
				RefreshPlugins (1ms)
				BeforeProcessingInitializeOnLoad (63ms)
				ProcessInitializeOnLoadAttributes (188ms)
				ProcessInitializeOnLoadMethodAttributes (25ms)
				AfterProcessingInitializeOnLoad (3ms)
				EditorAssembliesLoaded (0ms)
			ExecutionOrderSort2 (0ms)
			AwakeInstancesAfterBackupRestoration (7ms)
Platform modules already initialized, skipping
Refreshing native plugins compatible for Editor in 2.97 ms, found 3 plugins.
Preloading 0 native plugins for Editor in 0.00 ms.
Unloading 3228 Unused Serialized files (Serialized files now loaded: 0)
Unloading 16 unused Assets / (79.6 KB). Loaded Objects now: 3760.
Memory consumption went from 123.4 MB to 123.3 MB.
Total: 2.878000 ms (FindLiveObjects: 0.285800 ms CreateObjectMapping: 0.079200 ms MarkObjects: 2.406700 ms  DeleteObjects: 0.104200 ms)

AssetImportParameters requested are different than current active one (requested -> active):
  custom:video-decoder-ogg-theora: a1e56fd34408186e4bbccfd4996cb3dc -> 
  custom:container-muxer-webm: aa71ff27fc2769a1b78a27578f13a17b -> 
  custom:container-demuxer-webm: 4f35f7cbe854078d1ac9338744f61a02 -> 
  custom:video-encoder-webm-vp8: eb34c28f22e8b96e1ab97ce403110664 -> 
  custom:audio-encoder-webm-vorbis: bf7c407c2cedff20999df2af8eb42d56 -> 
  custom:framework-win-MediaFoundation: 216162199b28c13a410421893ffa2e32 -> 
  custom:container-demuxer-ogg: 62fdf1f143b41e24485cea50d1cbac27 -> 
  custom:video-decoder-webm-vp8: 9c59270c3fd7afecdb556c50c9e8de78 -> 
  custom:audio-decoder-ogg-vorbis: bf7c407c2cedff20999df2af8eb42d56 -> 
========================================================================
Received Import Request.
  Time since last request: 210.577125 seconds.
  path: Assets/TextMesh Pro/Sprites/Group 5.png
  artifactKey: Guid(6f720ddeefdf4d44792a926c14815b18) Importer(815301076,1909f56bfc062723c751e8b465ee728b)
Start importing Assets/TextMesh Pro/Sprites/Group 5.png using Guid(6f720ddeefdf4d44792a926c14815b18) Importer(815301076,1909f56bfc062723c751e8b465ee728b)  -> (artifact id: '859d46beca9d53026195269e45aa2db1') in 0.051013 seconds 
========================================================================
Received Prepare
Registering precompiled user dll's ...
Registered in 0.005289 seconds.
Begin MonoManager ReloadAssembly
Symbol file LoadedFromMemory doesn't match image C:\Users\User\Desktop\Проект Хуект\Светлогорск\Library\PackageCache\com.unity.visualscripting@1.7.6\Editor\VisualScripting.Core\Dependencies\YamlDotNet\Unity.VisualScripting.YamlDotNet.dll
Symbol file LoadedFromMemory is not a mono symbol file
Symbol file LoadedFromMemory doesn't match image C:\Users\User\Desktop\Проект Хуект\Светлогорск\Library\PackageCache\com.unity.visualscripting@1.7.6\Editor\VisualScripting.Core\Dependencies\DotNetZip\Unity.VisualScripting.IonicZip.dll
Native extension for WindowsStandalone target not found
Native extension for Android target not found
Refreshing native plugins compatible for Editor in 0.57 ms, found 3 plugins.
Preloading 0 native plugins for Editor in 0.00 ms.
Mono: successfully reloaded assembly
- Completed reload, in  0.962 seconds
Domain Reload Profiling:
	ReloadAssembly (963ms)
		BeginReloadAssembly (149ms)
			ExecutionOrderSort (0ms)
			DisableScriptedObjects (4ms)
			BackupInstance (0ms)
			ReleaseScriptingObjects (0ms)
			CreateAndSetChildDomain (38ms)
		EndReloadAssembly (717ms)
			LoadAssemblies (111ms)
			RebuildTransferFunctionScriptingTraits (0ms)
			SetupTypeCache (246ms)
			ReleaseScriptCaches (1ms)
			RebuildScriptCaches (41ms)
			SetupLoadedEditorAssemblies (299ms)
				LogAssemblyErrors (0ms)
				InitializePlatformSupportModulesInManaged (22ms)
				SetLoadedEditorAssemblies (1ms)
				RefreshPlugins (1ms)
				BeforeProcessingInitializeOnLoad (63ms)
				ProcessInitializeOnLoadAttributes (185ms)
				ProcessInitializeOnLoadMethodAttributes (24ms)
				AfterProcessingInitializeOnLoad (2ms)
				EditorAssembliesLoaded (0ms)
			ExecutionOrderSort2 (0ms)
			AwakeInstancesAfterBackupRestoration (7ms)
Platform modules already initialized, skipping
Refreshing native plugins compatible for Editor in 2.39 ms, found 3 plugins.
Preloading 0 native plugins for Editor in 0.00 ms.
Unloading 3228 Unused Serialized files (Serialized files now loaded: 0)
Unloading 16 unused Assets / (79.5 KB). Loaded Objects now: 3764.
Memory consumption went from 123.4 MB to 123.3 MB.
Total: 3.186300 ms (FindLiveObjects: 0.356500 ms CreateObjectMapping: 0.088100 ms MarkObjects: 2.627000 ms  DeleteObjects: 0.112800 ms)

AssetImportParameters requested are different than current active one (requested -> active):
  custom:video-decoder-ogg-theora: a1e56fd34408186e4bbccfd4996cb3dc -> 
  custom:container-muxer-webm: aa71ff27fc2769a1b78a27578f13a17b -> 
  custom:container-demuxer-webm: 4f35f7cbe854078d1ac9338744f61a02 -> 
  custom:video-encoder-webm-vp8: eb34c28f22e8b96e1ab97ce403110664 -> 
  custom:audio-encoder-webm-vorbis: bf7c407c2cedff20999df2af8eb42d56 -> 
  custom:framework-win-MediaFoundation: 216162199b28c13a410421893ffa2e32 -> 
  custom:container-demuxer-ogg: 62fdf1f143b41e24485cea50d1cbac27 -> 
  custom:video-decoder-webm-vp8: 9c59270c3fd7afecdb556c50c9e8de78 -> 
  custom:audio-decoder-ogg-vorbis: bf7c407c2cedff20999df2af8eb42d56 -> 
========================================================================
Received Import Request.
  Time since last request: 257.397229 seconds.
  path: Assets/TextMesh Pro/Sprites/Rectangle 13.png
  artifactKey: Guid(4515b77aae9ae004a9ded6afa3470ece) Importer(815301076,1909f56bfc062723c751e8b465ee728b)
Start importing Assets/TextMesh Pro/Sprites/Rectangle 13.png using Guid(4515b77aae9ae004a9ded6afa3470ece) Importer(815301076,1909f56bfc062723c751e8b465ee728b)  -> (artifact id: '9004c64674bc83bce60458161a6810ce') in 0.081809 seconds 
========================================================================
Received Import Request.
  Time since last request: 252.459418 seconds.
  path: Assets/TextMesh Pro/Sprites/Mask group.png
  artifactKey: Guid(2a33b71ed1051b042afc583c8fb991cc) Importer(815301076,1909f56bfc062723c751e8b465ee728b)
Start importing Assets/TextMesh Pro/Sprites/Mask group.png using Guid(2a33b71ed1051b042afc583c8fb991cc) Importer(815301076,1909f56bfc062723c751e8b465ee728b)  -> (artifact id: '288134fc2768cbcc50925db8e91d9702') in 0.105975 seconds 
========================================================================
Received Prepare
Registering precompiled user dll's ...
Registered in 0.005697 seconds.
Begin MonoManager ReloadAssembly
Symbol file LoadedFromMemory doesn't match image C:\Users\User\Desktop\Проект Хуект\Светлогорск\Library\PackageCache\com.unity.visualscripting@1.7.6\Editor\VisualScripting.Core\Dependencies\YamlDotNet\Unity.VisualScripting.YamlDotNet.dll
Symbol file LoadedFromMemory is not a mono symbol file
Symbol file LoadedFromMemory doesn't match image C:\Users\User\Desktop\Проект Хуект\Светлогорск\Library\PackageCache\com.unity.visualscripting@1.7.6\Editor\VisualScripting.Core\Dependencies\DotNetZip\Unity.VisualScripting.IonicZip.dll
Native extension for WindowsStandalone target not found
Native extension for Android target not found
Refreshing native plugins compatible for Editor in 0.63 ms, found 3 plugins.
Preloading 0 native plugins for Editor in 0.00 ms.
Mono: successfully reloaded assembly
- Completed reload, in  0.968 seconds
Domain Reload Profiling:
	ReloadAssembly (969ms)
		BeginReloadAssembly (142ms)
			ExecutionOrderSort (0ms)
			DisableScriptedObjects (5ms)
			BackupInstance (0ms)
			ReleaseScriptingObjects (0ms)
			CreateAndSetChildDomain (35ms)
		EndReloadAssembly (738ms)
			LoadAssemblies (101ms)
			RebuildTransferFunctionScriptingTraits (0ms)
			SetupTypeCache (260ms)
			ReleaseScriptCaches (1ms)
			RebuildScriptCaches (40ms)
			SetupLoadedEditorAssemblies (308ms)
				LogAssemblyErrors (0ms)
				InitializePlatformSupportModulesInManaged (26ms)
				SetLoadedEditorAssemblies (0ms)
				RefreshPlugins (1ms)
				BeforeProcessingInitializeOnLoad (66ms)
				ProcessInitializeOnLoadAttributes (188ms)
				ProcessInitializeOnLoadMethodAttributes (24ms)
				AfterProcessingInitializeOnLoad (4ms)
				EditorAssembliesLoaded (0ms)
			ExecutionOrderSort2 (0ms)
			AwakeInstancesAfterBackupRestoration (7ms)
Platform modules already initialized, skipping
Refreshing native plugins compatible for Editor in 2.29 ms, found 3 plugins.
Preloading 0 native plugins for Editor in 0.00 ms.
Unloading 3228 Unused Serialized files (Serialized files now loaded: 0)
Unloading 16 unused Assets / (79.6 KB). Loaded Objects now: 3773.
Memory consumption went from 123.4 MB to 123.3 MB.
Total: 3.478900 ms (FindLiveObjects: 0.303200 ms CreateObjectMapping: 0.081900 ms MarkObjects: 2.980900 ms  DeleteObjects: 0.111000 ms)

AssetImportParameters requested are different than current active one (requested -> active):
  custom:video-decoder-ogg-theora: a1e56fd34408186e4bbccfd4996cb3dc -> 
  custom:container-muxer-webm: aa71ff27fc2769a1b78a27578f13a17b -> 
  custom:container-demuxer-webm: 4f35f7cbe854078d1ac9338744f61a02 -> 
  custom:video-encoder-webm-vp8: eb34c28f22e8b96e1ab97ce403110664 -> 
  custom:audio-encoder-webm-vorbis: bf7c407c2cedff20999df2af8eb42d56 -> 
  custom:framework-win-MediaFoundation: 216162199b28c13a410421893ffa2e32 -> 
  custom:container-demuxer-ogg: 62fdf1f143b41e24485cea50d1cbac27 -> 
  custom:video-decoder-webm-vp8: 9c59270c3fd7afecdb556c50c9e8de78 -> 
  custom:audio-decoder-ogg-vorbis: bf7c407c2cedff20999df2af8eb42d56 -> 
========================================================================
Received Import Request.
  Time since last request: 284.445572 seconds.
  path: Assets/TextMesh Pro/Sprites/Rectangle 3.png
  artifactKey: Guid(03688ea55c9710544a90effb32a00a43) Importer(815301076,1909f56bfc062723c751e8b465ee728b)
Start importing Assets/TextMesh Pro/Sprites/Rectangle 3.png using Guid(03688ea55c9710544a90effb32a00a43) Importer(815301076,1909f56bfc062723c751e8b465ee728b)  -> (artifact id: 'f26158f15ce49054d79ce98d704ec1d8') in 0.084709 seconds 
========================================================================
Received Import Request.
  Time since last request: 53.280518 seconds.
  path: Assets/TextMesh Pro/Sprites/Rectangle 3.png
  artifactKey: Guid(03688ea55c9710544a90effb32a00a43) Importer(815301076,1909f56bfc062723c751e8b465ee728b)
Start importing Assets/TextMesh Pro/Sprites/Rectangle 3.png using Guid(03688ea55c9710544a90effb32a00a43) Importer(815301076,1909f56bfc062723c751e8b465ee728b)  -> (artifact id: '5519f3563f8f20bfa480de7fd04c153a') in 0.034314 seconds 
========================================================================
Received Import Request.
  Time since last request: 52.925669 seconds.
  path: Assets/TextMesh Pro/Sprites/Rectangle 3.png
  artifactKey: Guid(03688ea55c9710544a90effb32a00a43) Importer(815301076,1909f56bfc062723c751e8b465ee728b)
Start importing Assets/TextMesh Pro/Sprites/Rectangle 3.png using Guid(03688ea55c9710544a90effb32a00a43) Importer(815301076,1909f56bfc062723c751e8b465ee728b)  -> (artifact id: '1f15ce789ea67b361f941c909a668d28') in 0.015664 seconds 
========================================================================
Received Prepare
Registering precompiled user dll's ...
Registered in 0.006256 seconds.
Begin MonoManager ReloadAssembly
Symbol file LoadedFromMemory doesn't match image C:\Users\User\Desktop\Проект Хуект\Светлогорск\Library\PackageCache\com.unity.visualscripting@1.7.6\Editor\VisualScripting.Core\Dependencies\YamlDotNet\Unity.VisualScripting.YamlDotNet.dll
Symbol file LoadedFromMemory is not a mono symbol file
Symbol file LoadedFromMemory doesn't match image C:\Users\User\Desktop\Проект Хуект\Светлогорск\Library\PackageCache\com.unity.visualscripting@1.7.6\Editor\VisualScripting.Core\Dependencies\DotNetZip\Unity.VisualScripting.IonicZip.dll
Native extension for WindowsStandalone target not found
Native extension for Android target not found
Refreshing native plugins compatible for Editor in 0.86 ms, found 3 plugins.
Preloading 0 native plugins for Editor in 0.00 ms.
Mono: successfully reloaded assembly
- Completed reload, in  0.925 seconds
Domain Reload Profiling:
	ReloadAssembly (926ms)
		BeginReloadAssembly (145ms)
			ExecutionOrderSort (0ms)
			DisableScriptedObjects (5ms)
			BackupInstance (0ms)
			ReleaseScriptingObjects (0ms)
			CreateAndSetChildDomain (38ms)
		EndReloadAssembly (691ms)
			LoadAssemblies (109ms)
			RebuildTransferFunctionScriptingTraits (0ms)
			SetupTypeCache (241ms)
			ReleaseScriptCaches (1ms)
			RebuildScriptCaches (38ms)
			SetupLoadedEditorAssemblies (284ms)
				LogAssemblyErrors (0ms)
				InitializePlatformSupportModulesInManaged (21ms)
				SetLoadedEditorAssemblies (1ms)
				RefreshPlugins (1ms)
				BeforeProcessingInitializeOnLoad (61ms)
				ProcessInitializeOnLoadAttributes (176ms)
				ProcessInitializeOnLoadMethodAttributes (22ms)
				AfterProcessingInitializeOnLoad (3ms)
				EditorAssembliesLoaded (0ms)
			ExecutionOrderSort2 (0ms)
			AwakeInstancesAfterBackupRestoration (7ms)
Platform modules already initialized, skipping
Refreshing native plugins compatible for Editor in 1.85 ms, found 3 plugins.
Preloading 0 native plugins for Editor in 0.00 ms.
Unloading 3265 Unused Serialized files (Serialized files now loaded: 0)
Unloading 16 unused Assets / (79.5 KB). Loaded Objects now: 3813.
Memory consumption went from 124.6 MB to 124.5 MB.
Total: 2.858100 ms (FindLiveObjects: 0.294000 ms CreateObjectMapping: 0.141800 ms MarkObjects: 2.330800 ms  DeleteObjects: 0.089700 ms)

AssetImportParameters requested are different than current active one (requested -> active):
  custom:video-decoder-ogg-theora: a1e56fd34408186e4bbccfd4996cb3dc -> 
  custom:container-muxer-webm: aa71ff27fc2769a1b78a27578f13a17b -> 
  custom:container-demuxer-webm: 4f35f7cbe854078d1ac9338744f61a02 -> 
  custom:video-encoder-webm-vp8: eb34c28f22e8b96e1ab97ce403110664 -> 
  custom:audio-encoder-webm-vorbis: bf7c407c2cedff20999df2af8eb42d56 -> 
  custom:framework-win-MediaFoundation: 216162199b28c13a410421893ffa2e32 -> 
  custom:container-demuxer-ogg: 62fdf1f143b41e24485cea50d1cbac27 -> 
  custom:video-decoder-webm-vp8: 9c59270c3fd7afecdb556c50c9e8de78 -> 
  custom:audio-decoder-ogg-vorbis: bf7c407c2cedff20999df2af8eb42d56 -> 
========================================================================
Received Import Request.
  Time since last request: 364.612224 seconds.
  path: Assets/TextMesh Pro/Sprites/Rectangle 3.png
  artifactKey: Guid(03688ea55c9710544a90effb32a00a43) Importer(815301076,1909f56bfc062723c751e8b465ee728b)
Start importing Assets/TextMesh Pro/Sprites/Rectangle 3.png using Guid(03688ea55c9710544a90effb32a00a43) Importer(815301076,1909f56bfc062723c751e8b465ee728b)  -> (artifact id: '6db035d61417e6b2ccae94c2ed77a267') in 0.082780 seconds 
========================================================================
Received Import Request.
  Time since last request: 38.484096 seconds.
  path: Assets/TextMesh Pro/Sprites/Rectangle 3.png
  artifactKey: Guid(03688ea55c9710544a90effb32a00a43) Importer(815301076,1909f56bfc062723c751e8b465ee728b)
Start importing Assets/TextMesh Pro/Sprites/Rectangle 3.png using Guid(03688ea55c9710544a90effb32a00a43) Importer(815301076,1909f56bfc062723c751e8b465ee728b)  -> (artifact id: 'd446e71c95555c993967e292a2360b28') in 0.031559 seconds 
========================================================================
Received Import Request.
  Time since last request: 1567.353986 seconds.
  path: Assets/TextMesh Pro/Sprites/free-icon-best-1435724 2.png
  artifactKey: Guid(3854cbfe9389d1f4e9eadcecbffba4b6) Importer(815301076,1909f56bfc062723c751e8b465ee728b)
Start importing Assets/TextMesh Pro/Sprites/free-icon-best-1435724 2.png using Guid(3854cbfe9389d1f4e9eadcecbffba4b6) Importer(815301076,1909f56bfc062723c751e8b465ee728b)  -> (artifact id: '5fbe9e70ff7ba6a948449206b6519400') in 0.020961 seconds 
========================================================================
Received Import Request.
  Time since last request: 7.512428 seconds.
  path: Assets/TextMesh Pro/Sprites/free-icon-best-1435724 2.png
  artifactKey: Guid(3854cbfe9389d1f4e9eadcecbffba4b6) Importer(815301076,1909f56bfc062723c751e8b465ee728b)
Start importing Assets/TextMesh Pro/Sprites/free-icon-best-1435724 2.png using Guid(3854cbfe9389d1f4e9eadcecbffba4b6) Importer(815301076,1909f56bfc062723c751e8b465ee728b)  -> (artifact id: '226141c7996bf5439ecffe1f1d197cc9') in 0.020823 seconds 
